[35m[1mConsolidate compiler generated dependencies of target smb_highlevel_controller[0m
[ 33%] [32mBuilding CXX object CMakeFiles/smb_highlevel_controller.dir/src/smb_highlevel_controller_node.cpp.o[0m
[01m[K/home/kanishk/Ws/smb_ws/src/smb_common_v2/smb_highlevel_controller/src/smb_highlevel_controller_node.cpp:56:28:[m[K [01;31m[Kerror: [m[Kâ€˜[01m[KnodeHandle[m[Kâ€™ was not declared in this scope
   56 | ros::Publisher publisher = [01;31m[KnodeHandle[m[K.advertise<geometry_msgs::Twist>("/cmd_vel", 50);
      |                            [01;31m[K^~~~~~~~~~[m[K
[01m[K/home/kanishk/Ws/smb_ws/src/smb_common_v2/smb_highlevel_controller/src/smb_highlevel_controller_node.cpp:56:69:[m[K [01;31m[Kerror: [m[Kexpected primary-expression before â€˜[01m[K>[m[Kâ€™ token
   56 | ros::Publisher publisher = nodeHandle.advertise<geometry_msgs::Twist[01;31m[K>[m[K("/cmd_vel", 50);
      |                                                                     [01;31m[K^[m[K
make[2]: *** [CMakeFiles/smb_highlevel_controller.dir/build.make:76: CMakeFiles/smb_highlevel_controller.dir/src/smb_highlevel_controller_node.cpp.o] Error 1
make[1]: *** [CMakeFiles/Makefile2:163: CMakeFiles/smb_highlevel_controller.dir/all] Error 2
make: *** [Makefile:146: all] Error 2
