[35m[1mConsolidate compiler generated dependencies of target smb_highlevel_controller[0m
[ 33%] [32mBuilding CXX object CMakeFiles/smb_highlevel_controller.dir/src/smb_highlevel_controller_node.cpp.o[0m
[01m[K/home/kanishk/Ws/smb_ws/src/smb_common_v2/smb_highlevel_controller/src/smb_highlevel_controller_node.cpp:[m[K In function â€˜[01m[Kvoid scanCallback(const ConstPtr&)[m[Kâ€™:
[01m[K/home/kanishk/Ws/smb_ws/src/smb_common_v2/smb_highlevel_controller/src/smb_highlevel_controller_node.cpp:77:12:[m[K [01;31m[Kerror: [m[Kinvalid operands of types â€˜[01m[Kdouble[m[Kâ€™ and â€˜[01m[Kint[m[Kâ€™ to binary â€˜[01m[Koperator%[m[Kâ€™
   77 | angle=[32m[Kangle[m[K[01;31m[K%[m[K[34m[K360[m[K;
      |       [32m[K~~~~~[m[K[01;31m[K^[m[K[34m[K~~~[m[K
      |       [32m[K|[m[K     [34m[K|[m[K
      |       [32m[K|[m[K     [34m[Kint[m[K
      |       [32m[Kdouble[m[K
make[2]: *** [CMakeFiles/smb_highlevel_controller.dir/build.make:76: CMakeFiles/smb_highlevel_controller.dir/src/smb_highlevel_controller_node.cpp.o] Error 1
make[1]: *** [CMakeFiles/Makefile2:163: CMakeFiles/smb_highlevel_controller.dir/all] Error 2
make: *** [Makefile:146: all] Error 2
